<?xml version="1.0" encoding="UTF-8"?>
<testsuite xmlns:xsi="http://www.w3.org/2001/XMLSchema-instance" xsi:noNamespaceSchemaLocation="https://maven.apache.org/surefire/maven-surefire-plugin/xsd/surefire-test-report.xsd" version="3.0.2" name="softwareengineerassignment4.PersonTest" time="0.183" tests="15" errors="0" skipped="0" failures="0">
  <properties>
[...]
</properties>
  <testcase name="updatePersonalDetails_validAddressUpdate_returnsTrue" classname="softwareengineerassignment4.PersonTest" time="0.067"/>
  <testcase name="addDemeritPoints_invalidDate_returnsFailed" classname="softwareengineerassignment4.PersonTest" time="0.007"/>
  <testcase name="addDemeritPoints_suspensionTriggered_returnsSuccessAndSuspends" classname="softwareengineerassignment4.PersonTest" time="0.014"/>
  <testcase name="addPerson_shortPersonID_returnsFalse" classname="softwareengineerassignment4.PersonTest" time="0.002"/>
  <testcase name="addDemeritPoints_validInput_returnsSuccess" classname="softwareengineerassignment4.PersonTest" time="0.006"/>
  <testcase name="addPerson_invalidAddress_returnsFalse" classname="softwareengineerassignment4.PersonTest" time="0.011"/>
  <testcase name="addDemeritPoints_pointsZero_returnsFailed" classname="softwareengineerassignment4.PersonTest" time="0.003"/>
  <testcase name="updatePersonalDetails_birthdayAndNameChange_returnsFalse" classname="softwareengineerassignment4.PersonTest" time="0.003"/>
  <testcase name="addDemeritPoints_pointsSeven_returnsFailed" classname="softwareengineerassignment4.PersonTest" time="0.005"/>
  <testcase name="addPerson_validInput_returnsTrue" classname="softwareengineerassignment4.PersonTest" time="0.005"/>
  <testcase name="addPerson_invalidBirthdate_returnsFalse" classname="softwareengineerassignment4.PersonTest" time="0.002"/>
  <testcase name="updatePersonalDetails_idChangeBlocked_returnsFalse" classname="softwareengineerassignment4.PersonTest" time="0.001"/>
  <testcase name="updatePersonalDetails_validNameUpdate_returnsTrue" classname="softwareengineerassignment4.PersonTest" time="0.006"/>
  <testcase name="updatePersonalDetails_addressUpdateMinor_returnsFalse" classname="softwareengineerassignment4.PersonTest" time="0.004"/>
  <testcase name="addPerson_invalidPersonID_returnsFalse" classname="softwareengineerassignment4.PersonTest" time="0.002"/>
</testsuite>