<?xml version="1.0" encoding="UTF-8"?>
<testsuite xmlns:xsi="http://www.w3.org/2001/XMLSchema-instance" xsi:noNamespaceSchemaLocation="https://maven.apache.org/surefire/maven-surefire-plugin/xsd/surefire-test-report.xsd" version="3.0.2" name="softwareengineerassignment4.PersonTest" time="0.141" tests="12" errors="0" skipped="0" failures="0">
  <properties>
[...]
</properties>
  <testcase name="testAddPersonWithValidData" classname="softwareengineerassignment4.PersonTest" time="0.036"/>
  <testcase name="testAddPersonWithInvalidAddress" classname="softwareengineerassignment4.PersonTest" time="0.001"/>
  <testcase name="testValidateDate_Reflection" classname="softwareengineerassignment4.PersonTest" time="0.001"/>
  <testcase name="testAddDemeritPointsSuccessAndSuspension" classname="softwareengineerassignment4.PersonTest" time="0.006"/>
  <testcase name="testAddDemeritPointsInvalidDate" classname="softwareengineerassignment4.PersonTest" time="0.002"/>
  <testcase name="testUpdatePersonalDetailsInvalidBirthdateChangeRules" classname="softwareengineerassignment4.PersonTest" time="0.002"/>
  <testcase name="testValidatePersonID_Reflection" classname="softwareengineerassignment4.PersonTest" time="0.002"/>
  <testcase name="testAddDemeritPointsInvalidPoints" classname="softwareengineerassignment4.PersonTest" time="0.001"/>
  <testcase name="testUpdatePersonalDetailsInvalidForUnder18AddressChange" classname="softwareengineerassignment4.PersonTest" time="0.007"/>
  <testcase name="testValidateAddress_Reflection" classname="softwareengineerassignment4.PersonTest" time="0.002"/>
  <testcase name="testAddPersonWithInvalidID" classname="softwareengineerassignment4.PersonTest" time="0.001"/>
  <testcase name="testUpdatePersonalDetailsSuccess" classname="softwareengineerassignment4.PersonTest" time="0.003"/>
</testsuite>